<?xml version="1.0" encoding="UTF-8"?>
<testng-results ignored="1" total="2" passed="1" failed="0" skipped="0">
  <reporter-output>
  </reporter-output>
  <suite started-at="2021-08-25T11:23:09Z" name="Default suite" finished-at="2021-08-25T11:23:17Z" duration-ms="8729">
    <groups>
    </groups>
    <test started-at="2021-08-25T11:23:09Z" name="Default test" finished-at="2021-08-25T11:23:17Z" duration-ms="8729">
      <class name="Tests.LoginTest">
        <test-method is-config="true" signature="setUp()[pri:0, instance:Tests.LoginTest@3b220bcb]" started-at="2021-08-25T16:53:09Z" name="setUp" finished-at="2021-08-25T16:53:16Z" duration-ms="7361" status="PASS">
          <reporter-output>
          </reporter-output>
        </test-method> <!-- setUp -->
        <test-method signature="loginTest()[pri:0, instance:Tests.LoginTest@3b220bcb]" started-at="2021-08-25T16:53:16Z" name="loginTest" finished-at="2021-08-25T16:53:17Z" duration-ms="982" status="PASS">
          <reporter-output>
          </reporter-output>
        </test-method> <!-- loginTest -->
        <test-method is-config="true" signature="tearDown()[pri:0, instance:Tests.LoginTest@3b220bcb]" started-at="2021-08-25T16:53:17Z" name="tearDown" finished-at="2021-08-25T16:53:17Z" duration-ms="363" status="PASS">
          <reporter-output>
          </reporter-output>
        </test-method> <!-- tearDown -->
      </class> <!-- Tests.LoginTest -->
    </test> <!-- Default test -->
  </suite> <!-- Default suite -->
</testng-results>
